<?xml version="1.0" encoding="UTF-8"?>
<testsuite xmlns:xsi="http://www.w3.org/2001/XMLSchema-instance" xsi:noNamespaceSchemaLocation="https://maven.apache.org/surefire/maven-surefire-plugin/xsd/surefire-test-report.xsd" name="org.AppTest" time="0.036" tests="9" errors="1" skipped="0" failures="1">
  <properties>
[...]
</properties>
  <testcase name="testDescendingRow" classname="org.AppTest" time="0.003"/>
  <testcase name="testSingleColumn" classname="org.AppTest" time="0.003">
    <failure message="expected:&lt;-1&gt; but was:&lt;3&gt;" type="java.lang.AssertionError"><![CDATA[java.lang.AssertionError: expected:<-1> but was:<3>
	at org.AppTest.testSingleColumn(AppTest.java:47)
]]></failure>
  </testcase>
  <testcase name="testCustomDefaultValue" classname="org.AppTest" time="0">
    <error message="Index 999 out of bounds for length 2" type="java.lang.ArrayIndexOutOfBoundsException">java.lang.ArrayIndexOutOfBoundsException: Index 999 out of bounds for length 2
	at org.AppTest.testCustomDefaultValue(AppTest.java:75)
</error>
  </testcase>
  <testcase name="testTwoElementsDescending" classname="org.AppTest" time="0.001"/>
  <testcase name="testAscendingRow" classname="org.AppTest" time="0"/>
  <testcase name="testTwoElementsAscending" classname="org.AppTest" time="0"/>
  <testcase name="testAllSameElements" classname="org.AppTest" time="0"/>
  <testcase name="testNotOrderedRow" classname="org.AppTest" time="0"/>
  <testcase name="testAllRowsOrdered" classname="org.AppTest" time="0.002"/>
</testsuite>