<?xml version="1.0" encoding="UTF-8"?>
<testsuite xmlns:xsi="http://www.w3.org/2001/XMLSchema-instance" xsi:noNamespaceSchemaLocation="https://maven.apache.org/surefire/maven-surefire-plugin/xsd/surefire-test-report.xsd" name="org.AppTest" time="0.036" tests="9" errors="1" skipped="0" failures="1">
  <properties>
    <property name="java.specification.version" value="24"/>
    <property name="sun.cpu.isalist" value="amd64"/>
    <property name="sun.jnu.encoding" value="Cp1251"/>
    <property name="java.class.path" value="C:\Users\LENOVOL\Desktop\IP_3sem_labs\lab_2_mvn\target\test-classes;C:\Users\LENOVOL\Desktop\IP_3sem_labs\lab_2_mvn\target\classes;C:\Users\LENOVOL\.m2\repository\junit\junit\4.11\junit-4.11.jar;C:\Users\LENOVOL\.m2\repository\org\hamcrest\hamcrest-core\1.3\hamcrest-core-1.3.jar;"/>
    <property name="java.vm.vendor" value="Oracle Corporation"/>
    <property name="sun.arch.data.model" value="64"/>
    <property name="user.variant" value=""/>
    <property name="java.vendor.url" value="https://java.oracle.com/"/>
    <property name="user.timezone" value="Europe/Moscow"/>
    <property name="os.name" value="Windows 11"/>
    <property name="java.vm.specification.version" value="24"/>
    <property name="user.country" value="RU"/>
    <property name="sun.java.launcher" value="SUN_STANDARD"/>
    <property name="sun.boot.library.path" value="C:\Program Files\jdk24\bin"/>
    <property name="sun.java.command" value="C:\Users\LENOVOL\AppData\Local\Temp\surefire4978824058674484747\surefirebooter3923800411921399763.jar C:\Users\LENOVOL\AppData\Local\Temp\surefire4978824058674484747 2025-09-14T23-51-00_227-jvmRun1 surefire2273344200129900813tmp surefire_06890023281034104529tmp"/>
    <property name="jdk.debug" value="release"/>
    <property name="surefire.test.class.path" value="C:\Users\LENOVOL\Desktop\IP_3sem_labs\lab_2_mvn\target\test-classes;C:\Users\LENOVOL\Desktop\IP_3sem_labs\lab_2_mvn\target\classes;C:\Users\LENOVOL\.m2\repository\junit\junit\4.11\junit-4.11.jar;C:\Users\LENOVOL\.m2\repository\org\hamcrest\hamcrest-core\1.3\hamcrest-core-1.3.jar;"/>
    <property name="sun.cpu.endian" value="little"/>
    <property name="user.home" value="C:\Users\LENOVOL"/>
    <property name="user.language" value="ru"/>
    <property name="java.specification.vendor" value="Oracle Corporation"/>
    <property name="java.version.date" value="2025-07-15"/>
    <property name="java.home" value="C:\Program Files\jdk24"/>
    <property name="file.separator" value="\"/>
    <property name="basedir" value="C:\Users\LENOVOL\Desktop\IP_3sem_labs\lab_2_mvn"/>
    <property name="java.vm.compressedOopsMode" value="Zero based"/>
    <property name="line.separator" value="&#10;"/>
    <property name="java.vm.specification.vendor" value="Oracle Corporation"/>
    <property name="java.specification.name" value="Java Platform API Specification"/>
    <property name="surefire.real.class.path" value="C:\Users\LENOVOL\AppData\Local\Temp\surefire4978824058674484747\surefirebooter3923800411921399763.jar"/>
    <property name="user.script" value=""/>
    <property name="sun.management.compiler" value="HotSpot 64-Bit Tiered Compilers"/>
    <property name="java.runtime.version" value="24.0.2+12-54"/>
    <property name="user.name" value="LENOVOL"/>
    <property name="stdout.encoding" value="Cp1251"/>
    <property name="path.separator" value=";"/>
    <property name="os.version" value="10.0"/>
    <property name="java.runtime.name" value="Java(TM) SE Runtime Environment"/>
    <property name="file.encoding" value="UTF-8"/>
    <property name="java.vm.name" value="Java HotSpot(TM) 64-Bit Server VM"/>
    <property name="maven.ext.class.path" value="C:\Users\LENOVOL\.vscode\extensions\oracle.oracle-java-24.1.0\nbcode\java\maven-nblib\netbeans-eventspy.jar"/>
    <property name="localRepository" value="C:\Users\LENOVOL\.m2\repository"/>
    <property name="java.vendor.url.bug" value="https://bugreport.java.com/bugreport/"/>
    <property name="java.io.tmpdir" value="C:\Users\LENOVOL\AppData\Local\Temp\"/>
    <property name="java.version" value="24.0.2"/>
    <property name="user.dir" value="C:\Users\LENOVOL\Desktop\IP_3sem_labs\lab_2_mvn"/>
    <property name="os.arch" value="amd64"/>
    <property name="java.vm.specification.name" value="Java Virtual Machine Specification"/>
    <property name="sun.os.patch.level" value=""/>
    <property name="native.encoding" value="Cp1251"/>
    <property name="java.library.path" value="C:\Program Files\jdk24\bin;C:\WINDOWS\Sun\Java\bin;C:\WINDOWS\system32;C:\WINDOWS;C:\Program Files\Microsoft\jdk-21.0.8.9-hotspot\bin;C:\WINDOWS\system32;C:\WINDOWS;C:\WINDOWS\System32\Wbem;C:\WINDOWS\System32\WindowsPowerShell\v1.0\;C:\WINDOWS\System32\OpenSSH\;C:\Program Files\dotnet\;C:\Program Files\Microsoft SQL Server\150\Tools\Binn\;C:\Program Files\Microsoft SQL Server\Client SDK\ODBC\170\Tools\Binn\;C:\Program Files (x86)\Windows Kits\10\Windows Performance Toolkit\;C:\Program Files\NVIDIA Corporation\NVIDIA app\NvDLISR;C:\Program Files (x86)\NVIDIA Corporation\PhysX\Common;C:\Program Files\Git\cmd;C:\Program Files\nodejs\;C:\Program Files\apache-maven-3.9.11\bin;C:\Users\LENOVOL\AppData\Local\Microsoft\WindowsApps;D:\Microsoft VS Code\bin;C:\Users\LENOVOL\.dotnet\tools;C:\Users\LENOVOL\AppData\Local\GitHubDesktop\bin;C:\Users\LENOVOL\AppData\Roaming\npm;."/>
    <property name="java.vm.info" value="mixed mode, sharing"/>
    <property name="stderr.encoding" value="Cp1251"/>
    <property name="java.vendor" value="Oracle Corporation"/>
    <property name="java.vm.version" value="24.0.2+12-54"/>
    <property name="sun.io.unicode.encoding" value="UnicodeLittle"/>
    <property name="java.class.version" value="68.0"/>
  </properties>
  <testcase name="testDescendingRow" classname="org.AppTest" time="0.003"/>
  <testcase name="testSingleColumn" classname="org.AppTest" time="0.003">
    <failure message="expected:&lt;-1&gt; but was:&lt;3&gt;" type="java.lang.AssertionError"><![CDATA[java.lang.AssertionError: expected:<-1> but was:<3>
	at org.AppTest.testSingleColumn(AppTest.java:47)
]]></failure>
  </testcase>
  <testcase name="testCustomDefaultValue" classname="org.AppTest" time="0">
    <error message="Index 999 out of bounds for length 2" type="java.lang.ArrayIndexOutOfBoundsException">java.lang.ArrayIndexOutOfBoundsException: Index 999 out of bounds for length 2
	at org.AppTest.testCustomDefaultValue(AppTest.java:75)
</error>
  </testcase>
  <testcase name="testTwoElementsDescending" classname="org.AppTest" time="0.001"/>
  <testcase name="testAscendingRow" classname="org.AppTest" time="0"/>
  <testcase name="testTwoElementsAscending" classname="org.AppTest" time="0"/>
  <testcase name="testAllSameElements" classname="org.AppTest" time="0"/>
  <testcase name="testNotOrderedRow" classname="org.AppTest" time="0"/>
  <testcase name="testAllRowsOrdered" classname="org.AppTest" time="0.002"/>
</testsuite>